0 info it worked if it ends with ok
1 verbose cli [ '/home/ian/.nvm/versions/node/v5.1.0/bin/node',
1 verbose cli   '/home/ian/.nvm/versions/node/v5.1.0/bin/npm',
1 verbose cli   'run',
1 verbose cli   'test' ]
2 info using npm@3.5.0
3 info using node@v5.1.0
4 verbose run-script [ 'pretest', 'test', 'posttest' ]
5 info lifecycle no_subject_webscraper@1.0.0~pretest: no_subject_webscraper@1.0.0
6 silly lifecycle no_subject_webscraper@1.0.0~pretest: no script for pretest, continuing
7 info lifecycle no_subject_webscraper@1.0.0~test: no_subject_webscraper@1.0.0
8 verbose lifecycle no_subject_webscraper@1.0.0~test: unsafe-perm in lifecycle true
9 verbose lifecycle no_subject_webscraper@1.0.0~test: PATH: /home/ian/.nvm/versions/node/v5.1.0/lib/node_modules/npm/bin/node-gyp-bin:/home/ian/no_subject_webscraper/node_modules/.bin:/home/ian/.nvm/versions/node/v5.1.0/bin:./node_modules/.bin:/usr/local/heroku/bin:/home/ian/mongodb/mongodb-linux-x86_64-3.0.2/bin:/home/ian/.rbenv/shims:/home/ian/.rbenv/bin:/home/ian/.rbenv/shims:/home/ian/.rbenv/bin:/usr/local/sbin:/usr/local/bin:/usr/sbin:/usr/bin:/sbin:/bin:/usr/games:/usr/local/games/bin:/user/local/bin:/home/ian/Android/Sdk/tools:/home/ian/Android/Sdk/platform-tools:
10 verbose lifecycle no_subject_webscraper@1.0.0~test: CWD: /home/ian/no_subject_webscraper
11 silly lifecycle no_subject_webscraper@1.0.0~test: Args: [ '-c',
11 silly lifecycle   'babel-node --plugins transform-runtime --plugins transform-decorators-legacy --presets stage-0 --presets es2015 index.js' ]
12 silly lifecycle no_subject_webscraper@1.0.0~test: Returned: code: 1  signal: null
13 info lifecycle no_subject_webscraper@1.0.0~test: Failed to exec test script
14 verbose stack Error: no_subject_webscraper@1.0.0 test: `babel-node --plugins transform-runtime --plugins transform-decorators-legacy --presets stage-0 --presets es2015 index.js`
14 verbose stack Exit status 1
14 verbose stack     at EventEmitter.<anonymous> (/home/ian/.nvm/versions/node/v5.1.0/lib/node_modules/npm/lib/utils/lifecycle.js:232:16)
14 verbose stack     at emitTwo (events.js:87:13)
14 verbose stack     at EventEmitter.emit (events.js:172:7)
14 verbose stack     at ChildProcess.<anonymous> (/home/ian/.nvm/versions/node/v5.1.0/lib/node_modules/npm/lib/utils/spawn.js:24:14)
14 verbose stack     at emitTwo (events.js:87:13)
14 verbose stack     at ChildProcess.emit (events.js:172:7)
14 verbose stack     at maybeClose (internal/child_process.js:818:16)
14 verbose stack     at Process.ChildProcess._handle.onexit (internal/child_process.js:211:5)
15 verbose pkgid no_subject_webscraper@1.0.0
16 verbose cwd /home/ian/no_subject_webscraper
17 error Linux 3.19.0-37-generic
18 error argv "/home/ian/.nvm/versions/node/v5.1.0/bin/node" "/home/ian/.nvm/versions/node/v5.1.0/bin/npm" "run" "test"
19 error node v5.1.0
20 error npm  v3.5.0
21 error code ELIFECYCLE
22 error no_subject_webscraper@1.0.0 test: `babel-node --plugins transform-runtime --plugins transform-decorators-legacy --presets stage-0 --presets es2015 index.js`
22 error Exit status 1
23 error Failed at the no_subject_webscraper@1.0.0 test script 'babel-node --plugins transform-runtime --plugins transform-decorators-legacy --presets stage-0 --presets es2015 index.js'.
23 error Make sure you have the latest version of node.js and npm installed.
23 error If you do, this is most likely a problem with the no_subject_webscraper package,
23 error not with npm itself.
23 error Tell the author that this fails on your system:
23 error     babel-node --plugins transform-runtime --plugins transform-decorators-legacy --presets stage-0 --presets es2015 index.js
23 error You can get their info via:
23 error     npm owner ls no_subject_webscraper
23 error There is likely additional logging output above.
24 verbose exit [ 1, true ]
